G:\VS 2010\DS FINAL\DEBUG\PLUGINS\LINKEDLISTANIMATIONPLUGIN.DLL
G:\VS 2010\DS Final\Debug\Plugins\LinkedListAnimationPlugin.exp
G:\VS 2010\DS FINAL\DEBUG\PLUGINS\LINKEDLISTANIMATIONPLUGIN.ILK
G:\VS 2010\DS Final\Debug\Plugins\LinkedListAnimationPlugin.lib
G:\VS 2010\DS FINAL\DEBUG\PLUGINS\LINKEDLISTANIMATIONPLUGIN.PDB
G:\VS 2010\DS FINAL\LINKEDLISTANIMATIONPLUGIN\ANIMATIONFACTORY.OBJ
G:\VS 2010\DS FINAL\LINKEDLISTANIMATIONPLUGIN\ARRAYANIMATIONFACTORY.OBJ
G:\VS 2010\DS FINAL\LINKEDLISTANIMATIONPLUGIN\ARRAYANIMATIONPLUGIN.OBJ
G:\VS 2010\DS FINAL\LINKEDLISTANIMATIONPLUGIN\ARRAYANIMATIONPLUGIN.RES
G:\VS 2010\DS FINAL\LINKEDLISTANIMATIONPLUGIN\BASE.OBJ
G:\VS 2010\DS Final\LinkedListAnimationPlugin\cl.command.1.tlog
G:\VS 2010\DS Final\LinkedListAnimationPlugin\CL.read.1.tlog
G:\VS 2010\DS Final\LinkedListAnimationPlugin\CL.write.1.tlog
G:\VS 2010\DS Final\LinkedListAnimationPlugin\link.command.1.tlog
G:\VS 2010\DS Final\LinkedListAnimationPlugin\link.read.1.tlog
G:\VS 2010\DS Final\LinkedListAnimationPlugin\link.write.1.tlog
G:\VS 2010\DS Final\LinkedListAnimationPlugin\link-cvtres.read.1.tlog
G:\VS 2010\DS Final\LinkedListAnimationPlugin\link-cvtres.write.1.tlog
G:\VS 2010\DS FINAL\LINKEDLISTANIMATIONPLUGIN\LINKEDLISTANIMATIONPLUGIN.DLL.EMBED.MANIFEST
G:\VS 2010\DS FINAL\LINKEDLISTANIMATIONPLUGIN\LINKEDLISTANIMATIONPLUGIN.DLL.EMBED.MANIFEST.RES
G:\VS 2010\DS FINAL\LINKEDLISTANIMATIONPLUGIN\LINKEDLISTANIMATIONPLUGIN.DLL.INTERMEDIATE.MANIFEST
G:\VS 2010\DS FINAL\LINKEDLISTANIMATIONPLUGIN\LINKEDLISTANIMATIONPLUGIN.PCH
G:\VS 2010\DS Final\LinkedListAnimationPlugin\LinkedListAnimationPlugin.write.1.tlog
G:\VS 2010\DS Final\LinkedListAnimationPlugin\LinkedListAnimationPlugin_manifest.rc
G:\VS 2010\DS FINAL\LINKEDLISTANIMATIONPLUGIN\LINKEDLISTCONTAINER.OBJ
G:\VS 2010\DS FINAL\LINKEDLISTANIMATIONPLUGIN\LINKEDLISTELEMENT.OBJ
G:\VS 2010\DS Final\LinkedListAnimationPlugin\mt.command.1.tlog
G:\VS 2010\DS Final\LinkedListAnimationPlugin\mt.read.1.tlog
G:\VS 2010\DS Final\LinkedListAnimationPlugin\mt.write.1.tlog
G:\VS 2010\DS FINAL\LINKEDLISTANIMATIONPLUGIN\OBJECTBASE.OBJ
G:\VS 2010\DS Final\LinkedListAnimationPlugin\rc.command.1.tlog
G:\VS 2010\DS Final\LinkedListAnimationPlugin\rc.read.1.tlog
G:\VS 2010\DS Final\LinkedListAnimationPlugin\rc.write.1.tlog
G:\VS 2010\DS FINAL\LINKEDLISTANIMATIONPLUGIN\STDAFX.OBJ
G:\VS 2010\DS Final\LinkedListAnimationPlugin\vc100.idb
G:\VS 2010\DS FINAL\LINKEDLISTANIMATIONPLUGIN\VC100.PDB
