G:\VS 2010\DS Final\CodeHightLight\cl.command.1.tlog
G:\VS 2010\DS Final\CodeHightLight\CL.read.1.tlog
G:\VS 2010\DS Final\CodeHightLight\CL.write.1.tlog
G:\VS 2010\DS FINAL\CODEHIGHTLIGHT\CODEHIGHTLIGHT.PCH
G:\VS 2010\DS FINAL\CODEHIGHTLIGHT\CODEHIGHTLIGHTDOC.OBJ
G:\VS 2010\DS FINAL\CODEHIGHTLIGHT\CODEHIGHTLIGHTVIEW.OBJ
G:\VS 2010\DS FINAL\CODEHIGHTLIGHT\FILEVIEW.OBJ
G:\VS 2010\DS FINAL\CODEHIGHTLIGHT\FINDFILECLASS.OBJ
G:\VS 2010\DS FINAL\CODEHIGHTLIGHT\IMM2ASM.OBJ
G:\VS 2010\DS FINAL\CODEHIGHTLIGHT\JIAFEIDEBUGGER.OBJ
G:\VS 2010\DS FINAL\CODEHIGHTLIGHT\KEYWORDDLG.OBJ
G:\VS 2010\DS FINAL\CODEHIGHTLIGHT\MAINFRM.OBJ
G:\VS 2010\DS FINAL\CODEHIGHTLIGHT\MEMERYSPY.OBJ
G:\VS 2010\DS FINAL\CODEHIGHTLIGHT\MYCOMBOBOX.OBJ
G:\VS 2010\DS FINAL\CODEHIGHTLIGHT\MYKEYWORDSDLG.OBJ
G:\VS 2010\DS FINAL\CODEHIGHTLIGHT\MYLISTBOX.OBJ
G:\VS 2010\DS FINAL\CODEHIGHTLIGHT\OUTPUTRESULTWND.OBJ
G:\VS 2010\DS FINAL\CODEHIGHTLIGHT\OUTPUTWND.OBJ
G:\VS 2010\DS FINAL\CODEHIGHTLIGHT\PROPERTIESWND.OBJ
G:\VS 2010\DS FINAL\CODEHIGHTLIGHT\PROPERTIESWNDTHREAD.OBJ
G:\VS 2010\DS FINAL\CODEHIGHTLIGHT\SPEEDDIALOG.OBJ
G:\VS 2010\DS FINAL\CODEHIGHTLIGHT\STDAFX.OBJ
G:\VS 2010\DS FINAL\CODEHIGHTLIGHT\SYNEDITVIEW.OBJ
G:\VS 2010\DS FINAL\CODEHIGHTLIGHT\SYNTAX.OBJ
G:\VS 2010\DS FINAL\CODEHIGHTLIGHT\THREADS.OBJ
G:\VS 2010\DS Final\CodeHightLight\vc100.idb
G:\VS 2010\DS FINAL\CODEHIGHTLIGHT\VC100.PDB
G:\VS 2010\DS FINAL\CODEHIGHTLIGHT\VIEWTREE.OBJ
