G:\VS 2010\DS FINAL\ARRAYANIMATIONPLUGIN\ANIMATIONFACTORY.OBJ
G:\VS 2010\DS FINAL\ARRAYANIMATIONPLUGIN\ARRAYANIMATIONFACTORY.OBJ
G:\VS 2010\DS FINAL\ARRAYANIMATIONPLUGIN\ARRAYANIMATIONPLUGIN.DLL.EMBED.MANIFEST
G:\VS 2010\DS FINAL\ARRAYANIMATIONPLUGIN\ARRAYANIMATIONPLUGIN.DLL.EMBED.MANIFEST.RES
G:\VS 2010\DS FINAL\ARRAYANIMATIONPLUGIN\ARRAYANIMATIONPLUGIN.DLL.INTERMEDIATE.MANIFEST
G:\VS 2010\DS FINAL\ARRAYANIMATIONPLUGIN\ARRAYANIMATIONPLUGIN.OBJ
G:\VS 2010\DS FINAL\ARRAYANIMATIONPLUGIN\ARRAYANIMATIONPLUGIN.PCH
G:\VS 2010\DS FINAL\ARRAYANIMATIONPLUGIN\ARRAYANIMATIONPLUGIN.RES
G:\VS 2010\DS Final\ArrayAnimationPlugin\ArrayAnimationPlugin.write.1.tlog
G:\VS 2010\DS Final\ArrayAnimationPlugin\ArrayAnimationPlugin_manifest.rc
G:\VS 2010\DS FINAL\ARRAYANIMATIONPLUGIN\ARRAYCONTAINER.OBJ
G:\VS 2010\DS FINAL\ARRAYANIMATIONPLUGIN\ARRAYELEMENT.OBJ
G:\VS 2010\DS FINAL\ARRAYANIMATIONPLUGIN\BASE.OBJ
G:\VS 2010\DS Final\ArrayAnimationPlugin\cl.command.1.tlog
G:\VS 2010\DS Final\ArrayAnimationPlugin\CL.read.1.tlog
G:\VS 2010\DS Final\ArrayAnimationPlugin\CL.write.1.tlog
G:\VS 2010\DS Final\ArrayAnimationPlugin\link.command.1.tlog
G:\VS 2010\DS Final\ArrayAnimationPlugin\link.read.1.tlog
G:\VS 2010\DS Final\ArrayAnimationPlugin\link.write.1.tlog
G:\VS 2010\DS Final\ArrayAnimationPlugin\link-cvtres.read.1.tlog
G:\VS 2010\DS Final\ArrayAnimationPlugin\link-cvtres.write.1.tlog
G:\VS 2010\DS Final\ArrayAnimationPlugin\mt.command.1.tlog
G:\VS 2010\DS Final\ArrayAnimationPlugin\mt.read.1.tlog
G:\VS 2010\DS Final\ArrayAnimationPlugin\mt.write.1.tlog
G:\VS 2010\DS FINAL\ARRAYANIMATIONPLUGIN\OBJECTBASE.OBJ
G:\VS 2010\DS Final\ArrayAnimationPlugin\rc.command.1.tlog
G:\VS 2010\DS Final\ArrayAnimationPlugin\rc.read.1.tlog
G:\VS 2010\DS Final\ArrayAnimationPlugin\rc.write.1.tlog
G:\VS 2010\DS FINAL\ARRAYANIMATIONPLUGIN\STDAFX.OBJ
G:\VS 2010\DS Final\ArrayAnimationPlugin\vc100.idb
G:\VS 2010\DS FINAL\ARRAYANIMATIONPLUGIN\VC100.PDB
G:\VS 2010\DS FINAL\DEBUG\PLUGINS\ARRAYANIMATIONPLUGIN.DLL
G:\VS 2010\DS Final\Debug\Plugins\ArrayAnimationPlugin.exp
G:\VS 2010\DS FINAL\DEBUG\PLUGINS\ARRAYANIMATIONPLUGIN.ILK
G:\VS 2010\DS Final\Debug\Plugins\ArrayAnimationPlugin.lib
G:\VS 2010\DS FINAL\DEBUG\PLUGINS\ARRAYANIMATIONPLUGIN.PDB
